mode: set
github.com\Microsoft\DUCK\backend\ducklib\compliance-plugin.go:34.88,40.14 2 1
github.com\Microsoft\DUCK\backend\ducklib\compliance-plugin.go:43.2,43.16 1 1
github.com\Microsoft\DUCK\backend\ducklib\compliance-plugin.go:46.2,46.114 1 1
github.com\Microsoft\DUCK\backend\ducklib\compliance-plugin.go:40.14,42.3 1 0
github.com\Microsoft\DUCK\backend\ducklib\compliance-plugin.go:43.16,45.3 1 0
github.com\Microsoft\DUCK\backend\ducklib\compliance-plugin.go:56.53,58.16 2 1
github.com\Microsoft\DUCK\backend\ducklib\compliance-plugin.go:62.2,62.29 1 1
github.com\Microsoft\DUCK\backend\ducklib\compliance-plugin.go:103.2,103.12 1 1
github.com\Microsoft\DUCK\backend\ducklib\compliance-plugin.go:58.16,60.3 1 0
github.com\Microsoft\DUCK\backend\ducklib\compliance-plugin.go:62.29,63.20 1 1
github.com\Microsoft\DUCK\backend\ducklib\compliance-plugin.go:63.20,66.18 3 1
github.com\Microsoft\DUCK\backend\ducklib\compliance-plugin.go:71.4,77.18 4 1
github.com\Microsoft\DUCK\backend\ducklib\compliance-plugin.go:81.4,82.18 2 1
github.com\Microsoft\DUCK\backend\ducklib\compliance-plugin.go:85.4,90.18 4 1
github.com\Microsoft\DUCK\backend\ducklib\compliance-plugin.go:93.4,94.18 2 1
github.com\Microsoft\DUCK\backend\ducklib\compliance-plugin.go:98.4,98.31 1 1
github.com\Microsoft\DUCK\backend\ducklib\compliance-plugin.go:66.18,68.5 1 0
github.com\Microsoft\DUCK\backend\ducklib\compliance-plugin.go:77.18,79.5 1 0
github.com\Microsoft\DUCK\backend\ducklib\compliance-plugin.go:82.18,84.5 1 0
github.com\Microsoft\DUCK\backend\ducklib\compliance-plugin.go:90.18,92.5 1 0
github.com\Microsoft\DUCK\backend\ducklib\compliance-plugin.go:94.18,96.5 1 0
github.com\Microsoft\DUCK\backend\ducklib\compliance-plugin.go:107.45,109.2 0 0
github.com\Microsoft\DUCK\backend\ducklib\compliance-plugin.go:113.79,116.16 3 0
github.com\Microsoft\DUCK\backend\ducklib\compliance-plugin.go:120.2,120.11 1 0
github.com\Microsoft\DUCK\backend\ducklib\compliance-plugin.go:116.16,119.3 2 0
github.com\Microsoft\DUCK\backend\ducklib\compliance-plugin.go:125.108,128.16 3 0
github.com\Microsoft\DUCK\backend\ducklib\compliance-plugin.go:131.2,131.48 1 0
github.com\Microsoft\DUCK\backend\ducklib\compliance-plugin.go:128.16,130.3 1 0
github.com\Microsoft\DUCK\backend\ducklib\compliance-plugin.go:142.164,147.16 4 0
github.com\Microsoft\DUCK\backend\ducklib\compliance-plugin.go:151.2,153.16 3 0
github.com\Microsoft\DUCK\backend\ducklib\compliance-plugin.go:156.2,157.15 2 0
github.com\Microsoft\DUCK\backend\ducklib\compliance-plugin.go:161.2,161.16 1 0
github.com\Microsoft\DUCK\backend\ducklib\compliance-plugin.go:170.2,171.34 2 0
github.com\Microsoft\DUCK\backend\ducklib\compliance-plugin.go:182.2,184.25 3 0
github.com\Microsoft\DUCK\backend\ducklib\compliance-plugin.go:147.16,149.3 1 0
github.com\Microsoft\DUCK\backend\ducklib\compliance-plugin.go:153.16,155.3 1 0
github.com\Microsoft\DUCK\backend\ducklib\compliance-plugin.go:157.15,159.3 1 0
github.com\Microsoft\DUCK\backend\ducklib\compliance-plugin.go:161.16,162.31 1 0
github.com\Microsoft\DUCK\backend\ducklib\compliance-plugin.go:162.31,164.11 2 0
github.com\Microsoft\DUCK\backend\ducklib\compliance-plugin.go:164.11,167.5 1 0
github.com\Microsoft\DUCK\backend\ducklib\compliance-plugin.go:171.34,173.10 2 0
github.com\Microsoft\DUCK\backend\ducklib\compliance-plugin.go:178.3,179.28 2 0
github.com\Microsoft\DUCK\backend\ducklib\compliance-plugin.go:173.10,177.4 2 0
github.com\Microsoft\DUCK\backend\ducklib\compliance.go:18.32,20.2 1 0
github.com\Microsoft\DUCK\backend\ducklib\compliance.go:22.29,24.2 1 0
github.com\Microsoft\DUCK\backend\ducklib\compliance.go:35.49,37.2 1 1
github.com\Microsoft\DUCK\backend\ducklib\compliance.go:46.113,49.39 2 1
github.com\Microsoft\DUCK\backend\ducklib\compliance.go:63.2,64.23 2 0
github.com\Microsoft\DUCK\backend\ducklib\compliance.go:49.39,54.17 2 1
github.com\Microsoft\DUCK\backend\ducklib\compliance.go:58.3,61.24 4 1
github.com\Microsoft\DUCK\backend\ducklib\compliance.go:54.17,57.4 2 0
github.com\Microsoft\DUCK\backend\ducklib\compliance.go:77.103,83.40 3 0
github.com\Microsoft\DUCK\backend\ducklib\compliance.go:111.2,112.16 2 0
github.com\Microsoft\DUCK\backend\ducklib\compliance.go:117.2,131.57 3 0
github.com\Microsoft\DUCK\backend\ducklib\compliance.go:83.40,85.16 2 0
github.com\Microsoft\DUCK\backend\ducklib\compliance.go:90.3,106.31 4 0
github.com\Microsoft\DUCK\backend\ducklib\compliance.go:85.16,87.4 1 0
github.com\Microsoft\DUCK\backend\ducklib\compliance.go:87.4,89.4 1 0
github.com\Microsoft\DUCK\backend\ducklib\compliance.go:112.16,114.3 1 0
github.com\Microsoft\DUCK\backend\ducklib\compliance.go:134.77,135.38 1 0
github.com\Microsoft\DUCK\backend\ducklib\compliance.go:139.2,143.33 3 0
github.com\Microsoft\DUCK\backend\ducklib\compliance.go:148.2,148.17 1 0
github.com\Microsoft\DUCK\backend\ducklib\compliance.go:135.38,137.3 1 0
github.com\Microsoft\DUCK\backend\ducklib\compliance.go:143.33,144.13 1 0
github.com\Microsoft\DUCK\backend\ducklib\compliance.go:144.13,146.4 1 0
github.com\Microsoft\DUCK\backend\ducklib\compliance.go:171.147,173.16 2 0
github.com\Microsoft\DUCK\backend\ducklib\compliance.go:177.2,177.15 1 0
github.com\Microsoft\DUCK\backend\ducklib\compliance.go:185.2,190.45 3 0
github.com\Microsoft\DUCK\backend\ducklib\compliance.go:210.2,210.12 1 0
github.com\Microsoft\DUCK\backend\ducklib\compliance.go:216.2,218.12 2 0
github.com\Microsoft\DUCK\backend\ducklib\compliance.go:243.2,243.38 1 0
github.com\Microsoft\DUCK\backend\ducklib\compliance.go:173.16,175.3 1 0
github.com\Microsoft\DUCK\backend\ducklib\compliance.go:177.15,179.3 1 0
github.com\Microsoft\DUCK\backend\ducklib\compliance.go:190.45,191.12 1 0
github.com\Microsoft\DUCK\backend\ducklib\compliance.go:194.3,194.10 1 0
github.com\Microsoft\DUCK\backend\ducklib\compliance.go:201.3,202.17 2 0
github.com\Microsoft\DUCK\backend\ducklib\compliance.go:205.3,208.19 4 0
github.com\Microsoft\DUCK\backend\ducklib\compliance.go:191.12,193.4 1 0
github.com\Microsoft\DUCK\backend\ducklib\compliance.go:195.3,196.10 1 0
github.com\Microsoft\DUCK\backend\ducklib\compliance.go:197.3,197.11 0 0
github.com\Microsoft\DUCK\backend\ducklib\compliance.go:202.17,204.4 1 0
github.com\Microsoft\DUCK\backend\ducklib\compliance.go:210.12,213.3 2 0
github.com\Microsoft\DUCK\backend\ducklib\compliance.go:218.12,219.7 1 0
github.com\Microsoft\DUCK\backend\ducklib\compliance.go:219.7,220.11 1 0
github.com\Microsoft\DUCK\backend\ducklib\compliance.go:221.4,222.11 1 0
github.com\Microsoft\DUCK\backend\ducklib\compliance.go:223.4,224.12 1 0
github.com\Microsoft\DUCK\backend\ducklib\compliance.go:229.5,230.19 2 0
github.com\Microsoft\DUCK\backend\ducklib\compliance.go:238.4,238.12 0 0
github.com\Microsoft\DUCK\backend\ducklib\compliance.go:224.12,227.6 2 0
github.com\Microsoft\DUCK\backend\ducklib\compliance.go:230.19,232.6 1 0
github.com\Microsoft\DUCK\backend\ducklib\compliance.go:232.6,232.25 1 0
github.com\Microsoft\DUCK\backend\ducklib\compliance.go:232.25,235.6 2 0
github.com\Microsoft\DUCK\backend\ducklib\compliance.go:235.6,237.6 1 0
github.com\Microsoft\DUCK\backend\ducklib\config.go:16.13,23.2 6 1
github.com\Microsoft\DUCK\backend\ducklib\config.go:24.62,35.52 7 1
github.com\Microsoft\DUCK\backend\ducklib\config.go:40.2,46.10 5 1
github.com\Microsoft\DUCK\backend\ducklib\config.go:35.52,38.3 1 1
github.com\Microsoft\DUCK\backend\ducklib\config.go:49.46,51.22 1 1
github.com\Microsoft\DUCK\backend\ducklib\config.go:54.2,54.22 1 1
github.com\Microsoft\DUCK\backend\ducklib\config.go:57.2,57.27 1 1
github.com\Microsoft\DUCK\backend\ducklib\config.go:61.2,61.32 1 1
github.com\Microsoft\DUCK\backend\ducklib\config.go:65.2,65.31 1 1
github.com\Microsoft\DUCK\backend\ducklib\config.go:51.22,53.3 1 0
github.com\Microsoft\DUCK\backend\ducklib\config.go:54.22,56.3 1 0
github.com\Microsoft\DUCK\backend\ducklib\config.go:57.27,59.3 1 0
github.com\Microsoft\DUCK\backend\ducklib\config.go:61.32,63.3 1 0
github.com\Microsoft\DUCK\backend\ducklib\config.go:65.31,67.3 1 0
github.com\Microsoft\DUCK\backend\ducklib\config.go:70.74,72.16 2 1
github.com\Microsoft\DUCK\backend\ducklib\config.go:76.2,77.12 2 1
github.com\Microsoft\DUCK\backend\ducklib\config.go:72.16,75.3 1 1
github.com\Microsoft\DUCK\backend\ducklib\config.go:81.39,85.15 2 1
github.com\Microsoft\DUCK\backend\ducklib\config.go:89.2,90.15 2 1
github.com\Microsoft\DUCK\backend\ducklib\config.go:94.2,95.15 2 1
github.com\Microsoft\DUCK\backend\ducklib\config.go:98.2,99.15 2 1
github.com\Microsoft\DUCK\backend\ducklib\config.go:106.2,107.15 2 1
github.com\Microsoft\DUCK\backend\ducklib\config.go:115.2,116.15 2 1
github.com\Microsoft\DUCK\backend\ducklib\config.go:119.2,120.15 2 1
github.com\Microsoft\DUCK\backend\ducklib\config.go:128.2,129.15 2 1
github.com\Microsoft\DUCK\backend\ducklib\config.go:132.2,133.15 2 1
github.com\Microsoft\DUCK\backend\ducklib\config.go:136.2,137.15 2 1
github.com\Microsoft\DUCK\backend\ducklib\config.go:85.15,87.3 1 1
github.com\Microsoft\DUCK\backend\ducklib\config.go:90.15,92.3 1 1
github.com\Microsoft\DUCK\backend\ducklib\config.go:95.15,97.3 1 1
github.com\Microsoft\DUCK\backend\ducklib\config.go:99.15,100.53 1 1
github.com\Microsoft\DUCK\backend\ducklib\config.go:100.53,102.4 1 1
github.com\Microsoft\DUCK\backend\ducklib\config.go:102.4,104.4 1 1
github.com\Microsoft\DUCK\backend\ducklib\config.go:107.15,108.53 1 1
github.com\Microsoft\DUCK\backend\ducklib\config.go:108.53,110.4 1 1
github.com\Microsoft\DUCK\backend\ducklib\config.go:110.4,112.4 1 1
github.com\Microsoft\DUCK\backend\ducklib\config.go:116.15,118.3 1 1
github.com\Microsoft\DUCK\backend\ducklib\config.go:120.15,121.46 1 1
github.com\Microsoft\DUCK\backend\ducklib\config.go:121.46,123.4 1 1
github.com\Microsoft\DUCK\backend\ducklib\config.go:123.4,125.4 1 1
github.com\Microsoft\DUCK\backend\ducklib\config.go:129.15,131.3 1 1
github.com\Microsoft\DUCK\backend\ducklib\config.go:133.15,135.3 1 1
github.com\Microsoft\DUCK\backend\ducklib\config.go:137.15,139.3 1 1
github.com\Microsoft\DUCK\backend\ducklib\database.go:20.51,22.2 1 1
github.com\Microsoft\DUCK\backend\ducklib\database.go:25.46,30.16 3 1
github.com\Microsoft\DUCK\backend\ducklib\database.go:35.2,35.57 1 1
github.com\Microsoft\DUCK\backend\ducklib\database.go:38.2,38.31 1 1
github.com\Microsoft\DUCK\backend\ducklib\database.go:63.2,63.12 1 1
github.com\Microsoft\DUCK\backend\ducklib\database.go:30.16,33.3 2 0
github.com\Microsoft\DUCK\backend\ducklib\database.go:35.57,37.3 1 0
github.com\Microsoft\DUCK\backend\ducklib\database.go:38.31,44.20 3 1
github.com\Microsoft\DUCK\backend\ducklib\database.go:45.3,49.44 3 1
github.com\Microsoft\DUCK\backend\ducklib\database.go:52.3,55.40 3 1
github.com\Microsoft\DUCK\backend\ducklib\database.go:49.44,51.5 1 1
github.com\Microsoft\DUCK\backend\ducklib\database.go:55.40,57.5 1 0
github.com\Microsoft\DUCK\backend\ducklib\database.go:67.40,72.16 3 1
github.com\Microsoft\DUCK\backend\ducklib\database.go:75.2,75.12 1 1
github.com\Microsoft\DUCK\backend\ducklib\database.go:72.16,74.3 1 0
github.com\Microsoft\DUCK\backend\ducklib\database.go:83.84,85.2 1 1
github.com\Microsoft\DUCK\backend\ducklib\database.go:87.72,91.2 1 1
github.com\Microsoft\DUCK\backend\ducklib\database.go:93.55,97.2 1 1
github.com\Microsoft\DUCK\backend\ducklib\database.go:99.60,103.2 1 1
github.com\Microsoft\DUCK\backend\ducklib\database.go:105.78,107.22 1 1
github.com\Microsoft\DUCK\backend\ducklib\database.go:110.2,110.25 1 1
github.com\Microsoft\DUCK\backend\ducklib\database.go:114.2,118.51 2 1
github.com\Microsoft\DUCK\backend\ducklib\database.go:127.2,127.16 1 1
github.com\Microsoft\DUCK\backend\ducklib\database.go:131.2,131.46 1 1
github.com\Microsoft\DUCK\backend\ducklib\database.go:107.22,109.3 1 1
github.com\Microsoft\DUCK\backend\ducklib\database.go:110.25,112.3 1 1
github.com\Microsoft\DUCK\backend\ducklib\database.go:118.51,124.3 4 1
github.com\Microsoft\DUCK\backend\ducklib\database.go:127.16,129.3 1 0
github.com\Microsoft\DUCK\backend\ducklib\database.go:138.84,142.2 1 1
github.com\Microsoft\DUCK\backend\ducklib\database.go:143.98,147.2 1 1
github.com\Microsoft\DUCK\backend\ducklib\database.go:149.59,153.2 1 1
github.com\Microsoft\DUCK\backend\ducklib\database.go:155.67,159.2 1 1
github.com\Microsoft\DUCK\backend\ducklib\database.go:161.85,162.20 1 1
github.com\Microsoft\DUCK\backend\ducklib\database.go:166.2,166.21 1 1
github.com\Microsoft\DUCK\backend\ducklib\database.go:170.2,171.35 2 1
github.com\Microsoft\DUCK\backend\ducklib\database.go:178.2,181.34 4 1
github.com\Microsoft\DUCK\backend\ducklib\database.go:162.20,164.3 1 1
github.com\Microsoft\DUCK\backend\ducklib\database.go:166.21,168.3 1 1
github.com\Microsoft\DUCK\backend\ducklib\database.go:171.35,172.40 1 1
github.com\Microsoft\DUCK\backend\ducklib\database.go:175.3,175.28 1 1
github.com\Microsoft\DUCK\backend\ducklib\database.go:172.40,174.4 1 1
github.com\Microsoft\DUCK\backend\ducklib\handlers.go:23.41,25.2 1 1
github.com\Microsoft\DUCK\backend\ducklib\handlers.go:27.44,31.16 2 1
github.com\Microsoft\DUCK\backend\ducklib\handlers.go:37.2,37.36 1 1
github.com\Microsoft\DUCK\backend\ducklib\handlers.go:31.16,35.3 3 0
github.com\Microsoft\DUCK\backend\ducklib\handlers.go:40.44,42.47 1 1
github.com\Microsoft\DUCK\backend\ducklib\handlers.go:49.2,49.58 1 1
github.com\Microsoft\DUCK\backend\ducklib\handlers.go:42.47,47.3 3 1
github.com\Microsoft\DUCK\backend\ducklib\handlers.go:55.42,57.16 2 1
github.com\Microsoft\DUCK\backend\ducklib\handlers.go:63.2,64.35 2 1
github.com\Microsoft\DUCK\backend\ducklib\handlers.go:57.16,62.3 3 1
github.com\Microsoft\DUCK\backend\ducklib\handlers.go:67.43,69.16 2 1
github.com\Microsoft\DUCK\backend\ducklib\handlers.go:75.2,76.39 2 1
github.com\Microsoft\DUCK\backend\ducklib\handlers.go:82.2,85.16 3 1
github.com\Microsoft\DUCK\backend\ducklib\handlers.go:90.2,91.16 2 1
github.com\Microsoft\DUCK\backend\ducklib\handlers.go:96.2,96.41 1 1
github.com\Microsoft\DUCK\backend\ducklib\handlers.go:69.16,73.3 3 1
github.com\Microsoft\DUCK\backend\ducklib\handlers.go:76.39,81.3 3 0
github.com\Microsoft\DUCK\backend\ducklib\handlers.go:85.16,89.3 2 0
github.com\Microsoft\DUCK\backend\ducklib\handlers.go:91.16,95.3 2 0
github.com\Microsoft\DUCK\backend\ducklib\handlers.go:99.45,101.16 2 1
github.com\Microsoft\DUCK\backend\ducklib\handlers.go:108.2,108.58 1 1
github.com\Microsoft\DUCK\backend\ducklib\handlers.go:101.16,106.3 3 1
github.com\Microsoft\DUCK\backend\ducklib\handlers.go:111.42,122.36 2 1
github.com\Microsoft\DUCK\backend\ducklib\handlers.go:129.2,131.16 3 1
github.com\Microsoft\DUCK\backend\ducklib\handlers.go:142.2,144.16 3 1
github.com\Microsoft\DUCK\backend\ducklib\handlers.go:152.2,152.36 1 1
github.com\Microsoft\DUCK\backend\ducklib\handlers.go:122.36,128.3 3 0
github.com\Microsoft\DUCK\backend\ducklib\handlers.go:131.16,136.39 3 0
github.com\Microsoft\DUCK\backend\ducklib\handlers.go:139.3,139.78 1 0
github.com\Microsoft\DUCK\backend\ducklib\handlers.go:136.39,138.4 1 0
github.com\Microsoft\DUCK\backend\ducklib\handlers.go:144.16,150.3 3 0
github.com\Microsoft\DUCK\backend\ducklib\handlers.go:154.43,157.36 2 1
github.com\Microsoft\DUCK\backend\ducklib\handlers.go:164.2,165.16 2 1
github.com\Microsoft\DUCK\backend\ducklib\handlers.go:171.2,172.16 2 1
github.com\Microsoft\DUCK\backend\ducklib\handlers.go:179.2,179.41 1 1
github.com\Microsoft\DUCK\backend\ducklib\handlers.go:157.36,162.3 3 0
github.com\Microsoft\DUCK\backend\ducklib\handlers.go:165.16,170.3 3 1
github.com\Microsoft\DUCK\backend\ducklib\handlers.go:172.16,177.3 3 0
github.com\Microsoft\DUCK\backend\ducklib\handlers.go:186.46,188.16 2 1
github.com\Microsoft\DUCK\backend\ducklib\handlers.go:195.2,195.58 1 1
github.com\Microsoft\DUCK\backend\ducklib\handlers.go:188.16,193.3 3 1
github.com\Microsoft\DUCK\backend\ducklib\handlers.go:198.43,201.34 2 1
github.com\Microsoft\DUCK\backend\ducklib\handlers.go:207.2,210.16 4 1
github.com\Microsoft\DUCK\backend\ducklib\handlers.go:217.2,218.16 2 1
github.com\Microsoft\DUCK\backend\ducklib\handlers.go:225.2,225.34 1 1
github.com\Microsoft\DUCK\backend\ducklib\handlers.go:201.34,206.3 3 0
github.com\Microsoft\DUCK\backend\ducklib\handlers.go:210.16,215.3 3 0
github.com\Microsoft\DUCK\backend\ducklib\handlers.go:218.16,223.3 3 0
github.com\Microsoft\DUCK\backend\ducklib\handlers.go:227.44,229.40 2 1
github.com\Microsoft\DUCK\backend\ducklib\handlers.go:237.2,238.16 2 1
github.com\Microsoft\DUCK\backend\ducklib\handlers.go:245.2,246.17 2 1
github.com\Microsoft\DUCK\backend\ducklib\handlers.go:254.2,254.38 1 1
github.com\Microsoft\DUCK\backend\ducklib\handlers.go:229.40,235.3 3 0
github.com\Microsoft\DUCK\backend\ducklib\handlers.go:238.16,244.3 3 1
github.com\Microsoft\DUCK\backend\ducklib\handlers.go:246.17,252.3 3 0
github.com\Microsoft\DUCK\backend\ducklib\handlers.go:318.44,331.36 3 0
github.com\Microsoft\DUCK\backend\ducklib\handlers.go:339.2,341.16 2 0
github.com\Microsoft\DUCK\backend\ducklib\handlers.go:349.2,349.8 1 0
github.com\Microsoft\DUCK\backend\ducklib\handlers.go:354.2,354.111 1 0
github.com\Microsoft\DUCK\backend\ducklib\handlers.go:331.36,337.3 3 0
github.com\Microsoft\DUCK\backend\ducklib\handlers.go:341.16,347.3 3 0
github.com\Microsoft\DUCK\backend\ducklib\handlers.go:349.8,352.3 1 0
github.com\Microsoft\DUCK\backend\ducklib\handlers.go:357.46,362.16 4 0
github.com\Microsoft\DUCK\backend\ducklib\handlers.go:370.2,371.16 2 0
github.com\Microsoft\DUCK\backend\ducklib\handlers.go:377.2,378.8 2 0
github.com\Microsoft\DUCK\backend\ducklib\handlers.go:382.2,382.111 1 0
github.com\Microsoft\DUCK\backend\ducklib\handlers.go:362.16,368.3 3 0
github.com\Microsoft\DUCK\backend\ducklib\handlers.go:371.16,376.3 3 0
github.com\Microsoft\DUCK\backend\ducklib\handlers.go:378.8,380.3 1 0
github.com\Microsoft\DUCK\backend\ducklib\handlers.go:385.48,387.33 1 0
github.com\Microsoft\DUCK\backend\ducklib\handlers.go:390.2,390.49 1 0
github.com\Microsoft\DUCK\backend\ducklib\handlers.go:387.33,389.3 1 0
github.com\Microsoft\DUCK\backend\ducklib\handlers.go:394.41,404.34 2 1
github.com\Microsoft\DUCK\backend\ducklib\handlers.go:409.2,410.16 2 1
github.com\Microsoft\DUCK\backend\ducklib\handlers.go:418.2,418.22 1 1
github.com\Microsoft\DUCK\backend\ducklib\handlers.go:451.2,454.86 3 1
github.com\Microsoft\DUCK\backend\ducklib\handlers.go:404.34,407.3 2 0
github.com\Microsoft\DUCK\backend\ducklib\handlers.go:410.16,416.3 3 1
github.com\Microsoft\DUCK\backend\ducklib\handlers.go:418.22,421.17 2 1
github.com\Microsoft\DUCK\backend\ducklib\handlers.go:428.3,439.17 8 1
github.com\Microsoft\DUCK\backend\ducklib\handlers.go:443.3,449.5 1 1
github.com\Microsoft\DUCK\backend\ducklib\handlers.go:421.17,425.4 2 0
github.com\Microsoft\DUCK\backend\ducklib\handlers.go:439.17,442.4 2 0
github.com\Microsoft\DUCK\backend\ducklib\server.go:23.70,28.16 3 1
github.com\Microsoft\DUCK\backend\ducklib\server.go:32.2,32.23 1 1
github.com\Microsoft\DUCK\backend\ducklib\server.go:40.2,42.25 3 1
github.com\Microsoft\DUCK\backend\ducklib\server.go:45.2,46.16 2 1
github.com\Microsoft\DUCK\backend\ducklib\server.go:49.2,50.16 2 1
github.com\Microsoft\DUCK\backend\ducklib\server.go:55.2,102.25 26 1
github.com\Microsoft\DUCK\backend\ducklib\server.go:105.2,107.10 2 1
github.com\Microsoft\DUCK\backend\ducklib\server.go:28.16,29.13 1 0
github.com\Microsoft\DUCK\backend\ducklib\server.go:32.23,35.48 2 0
github.com\Microsoft\DUCK\backend\ducklib\server.go:35.48,37.4 1 0
github.com\Microsoft\DUCK\backend\ducklib\server.go:42.25,44.3 1 1
github.com\Microsoft\DUCK\backend\ducklib\server.go:46.16,47.13 1 0
github.com\Microsoft\DUCK\backend\ducklib\server.go:50.16,51.13 1 0
github.com\Microsoft\DUCK\backend\ducklib\server.go:102.25,104.3 1 1
