mode: set
github.com\Microsoft\DUCK\backend\ducklib\compliance.go:19.32,21.2 1 0
github.com\Microsoft\DUCK\backend\ducklib\compliance.go:23.29,25.2 1 0
github.com\Microsoft\DUCK\backend\ducklib\compliance.go:36.49,38.2 1 1
github.com\Microsoft\DUCK\backend\ducklib\compliance.go:47.113,50.39 2 1
github.com\Microsoft\DUCK\backend\ducklib\compliance.go:64.2,65.23 2 0
github.com\Microsoft\DUCK\backend\ducklib\compliance.go:50.39,55.17 2 1
github.com\Microsoft\DUCK\backend\ducklib\compliance.go:59.3,62.24 4 1
github.com\Microsoft\DUCK\backend\ducklib\compliance.go:55.17,58.4 2 0
github.com\Microsoft\DUCK\backend\ducklib\compliance.go:105.105,111.40 3 0
github.com\Microsoft\DUCK\backend\ducklib\compliance.go:139.2,140.16 2 0
github.com\Microsoft\DUCK\backend\ducklib\compliance.go:145.2,152.16 4 0
github.com\Microsoft\DUCK\backend\ducklib\compliance.go:158.2,159.9 2 0
github.com\Microsoft\DUCK\backend\ducklib\compliance.go:162.2,162.32 1 0
github.com\Microsoft\DUCK\backend\ducklib\compliance.go:111.40,113.16 2 0
github.com\Microsoft\DUCK\backend\ducklib\compliance.go:118.3,134.31 4 0
github.com\Microsoft\DUCK\backend\ducklib\compliance.go:113.16,115.4 1 0
github.com\Microsoft\DUCK\backend\ducklib\compliance.go:115.4,117.4 1 0
github.com\Microsoft\DUCK\backend\ducklib\compliance.go:140.16,142.3 1 0
github.com\Microsoft\DUCK\backend\ducklib\compliance.go:152.16,154.3 1 0
github.com\Microsoft\DUCK\backend\ducklib\compliance.go:159.9,161.3 1 0
github.com\Microsoft\DUCK\backend\ducklib\compliance.go:165.81,166.38 1 0
github.com\Microsoft\DUCK\backend\ducklib\compliance.go:170.2,174.33 3 0
github.com\Microsoft\DUCK\backend\ducklib\compliance.go:179.2,179.17 1 0
github.com\Microsoft\DUCK\backend\ducklib\compliance.go:166.38,168.3 1 0
github.com\Microsoft\DUCK\backend\ducklib\compliance.go:174.33,175.13 1 0
github.com\Microsoft\DUCK\backend\ducklib\compliance.go:175.13,177.4 1 0
github.com\Microsoft\DUCK\backend\ducklib\compliance.go:202.151,204.16 2 0
github.com\Microsoft\DUCK\backend\ducklib\compliance.go:208.2,208.15 1 0
github.com\Microsoft\DUCK\backend\ducklib\compliance.go:216.2,221.47 3 0
github.com\Microsoft\DUCK\backend\ducklib\compliance.go:241.2,241.12 1 0
github.com\Microsoft\DUCK\backend\ducklib\compliance.go:247.2,249.12 2 0
github.com\Microsoft\DUCK\backend\ducklib\compliance.go:274.2,274.38 1 0
github.com\Microsoft\DUCK\backend\ducklib\compliance.go:204.16,206.3 1 0
github.com\Microsoft\DUCK\backend\ducklib\compliance.go:208.15,210.3 1 0
github.com\Microsoft\DUCK\backend\ducklib\compliance.go:221.47,222.12 1 0
github.com\Microsoft\DUCK\backend\ducklib\compliance.go:225.3,225.10 1 0
github.com\Microsoft\DUCK\backend\ducklib\compliance.go:232.3,233.17 2 0
github.com\Microsoft\DUCK\backend\ducklib\compliance.go:236.3,239.19 4 0
github.com\Microsoft\DUCK\backend\ducklib\compliance.go:222.12,224.4 1 0
github.com\Microsoft\DUCK\backend\ducklib\compliance.go:226.3,227.10 1 0
github.com\Microsoft\DUCK\backend\ducklib\compliance.go:228.3,228.11 0 0
github.com\Microsoft\DUCK\backend\ducklib\compliance.go:233.17,235.4 1 0
github.com\Microsoft\DUCK\backend\ducklib\compliance.go:241.12,244.3 2 0
github.com\Microsoft\DUCK\backend\ducklib\compliance.go:249.12,250.7 1 0
github.com\Microsoft\DUCK\backend\ducklib\compliance.go:250.7,251.11 1 0
github.com\Microsoft\DUCK\backend\ducklib\compliance.go:252.4,253.11 1 0
github.com\Microsoft\DUCK\backend\ducklib\compliance.go:254.4,255.12 1 0
github.com\Microsoft\DUCK\backend\ducklib\compliance.go:260.5,261.19 2 0
github.com\Microsoft\DUCK\backend\ducklib\compliance.go:269.4,269.12 0 0
github.com\Microsoft\DUCK\backend\ducklib\compliance.go:255.12,258.6 2 0
github.com\Microsoft\DUCK\backend\ducklib\compliance.go:261.19,263.6 1 0
github.com\Microsoft\DUCK\backend\ducklib\compliance.go:263.6,263.25 1 0
github.com\Microsoft\DUCK\backend\ducklib\compliance.go:263.25,266.6 2 0
github.com\Microsoft\DUCK\backend\ducklib\compliance.go:266.6,268.6 1 0
github.com\Microsoft\DUCK\backend\ducklib\config.go:16.13,23.2 6 1
github.com\Microsoft\DUCK\backend\ducklib\config.go:28.62,40.52 7 1
github.com\Microsoft\DUCK\backend\ducklib\config.go:45.2,48.10 3 1
github.com\Microsoft\DUCK\backend\ducklib\config.go:40.52,43.3 1 1
github.com\Microsoft\DUCK\backend\ducklib\config.go:52.46,54.22 1 1
github.com\Microsoft\DUCK\backend\ducklib\config.go:57.2,57.22 1 1
github.com\Microsoft\DUCK\backend\ducklib\config.go:60.2,60.27 1 1
github.com\Microsoft\DUCK\backend\ducklib\config.go:64.2,64.32 1 1
github.com\Microsoft\DUCK\backend\ducklib\config.go:68.2,68.31 1 1
github.com\Microsoft\DUCK\backend\ducklib\config.go:54.22,56.3 1 0
github.com\Microsoft\DUCK\backend\ducklib\config.go:57.22,59.3 1 0
github.com\Microsoft\DUCK\backend\ducklib\config.go:60.27,62.3 1 0
github.com\Microsoft\DUCK\backend\ducklib\config.go:64.32,66.3 1 0
github.com\Microsoft\DUCK\backend\ducklib\config.go:68.31,70.3 1 0
github.com\Microsoft\DUCK\backend\ducklib\config.go:76.74,78.16 2 1
github.com\Microsoft\DUCK\backend\ducklib\config.go:82.2,83.12 2 1
github.com\Microsoft\DUCK\backend\ducklib\config.go:78.16,81.3 1 1
github.com\Microsoft\DUCK\backend\ducklib\config.go:87.39,91.15 2 1
github.com\Microsoft\DUCK\backend\ducklib\config.go:95.2,96.15 2 1
github.com\Microsoft\DUCK\backend\ducklib\config.go:100.2,101.15 2 1
github.com\Microsoft\DUCK\backend\ducklib\config.go:105.2,106.15 2 1
github.com\Microsoft\DUCK\backend\ducklib\config.go:113.2,114.15 2 1
github.com\Microsoft\DUCK\backend\ducklib\config.go:121.2,122.15 2 1
github.com\Microsoft\DUCK\backend\ducklib\config.go:125.2,126.15 2 1
github.com\Microsoft\DUCK\backend\ducklib\config.go:133.2,134.15 2 1
github.com\Microsoft\DUCK\backend\ducklib\config.go:137.2,138.15 2 1
github.com\Microsoft\DUCK\backend\ducklib\config.go:141.2,142.15 2 1
github.com\Microsoft\DUCK\backend\ducklib\config.go:91.15,93.3 1 1
github.com\Microsoft\DUCK\backend\ducklib\config.go:96.15,98.3 1 1
github.com\Microsoft\DUCK\backend\ducklib\config.go:101.15,103.3 1 1
github.com\Microsoft\DUCK\backend\ducklib\config.go:106.15,107.53 1 1
github.com\Microsoft\DUCK\backend\ducklib\config.go:107.53,109.4 1 1
github.com\Microsoft\DUCK\backend\ducklib\config.go:109.4,111.4 1 1
github.com\Microsoft\DUCK\backend\ducklib\config.go:114.15,115.53 1 1
github.com\Microsoft\DUCK\backend\ducklib\config.go:115.53,117.4 1 1
github.com\Microsoft\DUCK\backend\ducklib\config.go:117.4,119.4 1 1
github.com\Microsoft\DUCK\backend\ducklib\config.go:122.15,124.3 1 1
github.com\Microsoft\DUCK\backend\ducklib\config.go:126.15,127.46 1 1
github.com\Microsoft\DUCK\backend\ducklib\config.go:127.46,129.4 1 1
github.com\Microsoft\DUCK\backend\ducklib\config.go:129.4,131.4 1 1
github.com\Microsoft\DUCK\backend\ducklib\config.go:134.15,136.3 1 1
github.com\Microsoft\DUCK\backend\ducklib\config.go:138.15,140.3 1 1
github.com\Microsoft\DUCK\backend\ducklib\config.go:142.15,144.3 1 1
github.com\Microsoft\DUCK\backend\ducklib\database.go:20.51,22.2 1 1
github.com\Microsoft\DUCK\backend\ducklib\database.go:25.46,30.16 3 1
github.com\Microsoft\DUCK\backend\ducklib\database.go:35.2,35.57 1 1
github.com\Microsoft\DUCK\backend\ducklib\database.go:38.2,38.31 1 1
github.com\Microsoft\DUCK\backend\ducklib\database.go:63.2,63.12 1 1
github.com\Microsoft\DUCK\backend\ducklib\database.go:30.16,33.3 2 0
github.com\Microsoft\DUCK\backend\ducklib\database.go:35.57,37.3 1 0
github.com\Microsoft\DUCK\backend\ducklib\database.go:38.31,44.20 3 1
github.com\Microsoft\DUCK\backend\ducklib\database.go:45.3,49.44 3 1
github.com\Microsoft\DUCK\backend\ducklib\database.go:52.3,55.40 3 1
github.com\Microsoft\DUCK\backend\ducklib\database.go:49.44,51.5 1 1
github.com\Microsoft\DUCK\backend\ducklib\database.go:55.40,57.5 1 0
github.com\Microsoft\DUCK\backend\ducklib\database.go:67.40,73.2 2 1
github.com\Microsoft\DUCK\backend\ducklib\database.go:80.84,82.2 1 1
github.com\Microsoft\DUCK\backend\ducklib\database.go:84.72,88.2 1 1
github.com\Microsoft\DUCK\backend\ducklib\database.go:90.55,94.2 1 1
github.com\Microsoft\DUCK\backend\ducklib\database.go:96.60,100.2 1 1
github.com\Microsoft\DUCK\backend\ducklib\database.go:102.78,104.22 1 1
github.com\Microsoft\DUCK\backend\ducklib\database.go:107.2,107.25 1 1
github.com\Microsoft\DUCK\backend\ducklib\database.go:111.2,115.51 2 1
github.com\Microsoft\DUCK\backend\ducklib\database.go:124.2,124.16 1 1
github.com\Microsoft\DUCK\backend\ducklib\database.go:128.2,128.61 1 1
github.com\Microsoft\DUCK\backend\ducklib\database.go:104.22,106.3 1 1
github.com\Microsoft\DUCK\backend\ducklib\database.go:107.25,109.3 1 0
github.com\Microsoft\DUCK\backend\ducklib\database.go:115.51,121.3 4 1
github.com\Microsoft\DUCK\backend\ducklib\database.go:124.16,126.3 1 0
github.com\Microsoft\DUCK\backend\ducklib\database.go:131.82,135.2 1 0
github.com\Microsoft\DUCK\backend\ducklib\database.go:136.85,140.2 1 0
github.com\Microsoft\DUCK\backend\ducklib\database.go:146.84,150.2 1 1
github.com\Microsoft\DUCK\backend\ducklib\database.go:151.98,155.2 1 1
github.com\Microsoft\DUCK\backend\ducklib\database.go:157.59,161.2 1 1
github.com\Microsoft\DUCK\backend\ducklib\database.go:163.67,167.2 1 1
github.com\Microsoft\DUCK\backend\ducklib\database.go:169.85,170.20 1 1
github.com\Microsoft\DUCK\backend\ducklib\database.go:174.2,174.21 1 1
github.com\Microsoft\DUCK\backend\ducklib\database.go:178.2,179.35 2 1
github.com\Microsoft\DUCK\backend\ducklib\database.go:186.2,190.34 4 1
github.com\Microsoft\DUCK\backend\ducklib\database.go:170.20,172.3 1 1
github.com\Microsoft\DUCK\backend\ducklib\database.go:174.21,176.3 1 1
github.com\Microsoft\DUCK\backend\ducklib\database.go:179.35,180.40 1 1
github.com\Microsoft\DUCK\backend\ducklib\database.go:183.3,183.28 1 1
github.com\Microsoft\DUCK\backend\ducklib\database.go:180.40,182.4 1 1
github.com\Microsoft\DUCK\backend\ducklib\handlers.go:24.41,26.2 1 1
github.com\Microsoft\DUCK\backend\ducklib\handlers.go:32.44,36.16 2 1
github.com\Microsoft\DUCK\backend\ducklib\handlers.go:43.2,43.36 1 1
github.com\Microsoft\DUCK\backend\ducklib\handlers.go:36.16,41.3 4 0
github.com\Microsoft\DUCK\backend\ducklib\handlers.go:47.44,49.47 1 1
github.com\Microsoft\DUCK\backend\ducklib\handlers.go:56.2,56.58 1 1
github.com\Microsoft\DUCK\backend\ducklib\handlers.go:49.47,54.3 3 1
github.com\Microsoft\DUCK\backend\ducklib\handlers.go:67.42,69.16 2 1
github.com\Microsoft\DUCK\backend\ducklib\handlers.go:75.2,76.35 2 1
github.com\Microsoft\DUCK\backend\ducklib\handlers.go:69.16,74.3 3 1
github.com\Microsoft\DUCK\backend\ducklib\handlers.go:88.50,90.16 2 1
github.com\Microsoft\DUCK\backend\ducklib\handlers.go:96.2,97.39 2 1
github.com\Microsoft\DUCK\backend\ducklib\handlers.go:103.2,106.16 3 1
github.com\Microsoft\DUCK\backend\ducklib\handlers.go:111.2,112.16 2 1
github.com\Microsoft\DUCK\backend\ducklib\handlers.go:117.2,117.41 1 1
github.com\Microsoft\DUCK\backend\ducklib\handlers.go:90.16,94.3 3 1
github.com\Microsoft\DUCK\backend\ducklib\handlers.go:97.39,102.3 3 0
github.com\Microsoft\DUCK\backend\ducklib\handlers.go:106.16,110.3 2 0
github.com\Microsoft\DUCK\backend\ducklib\handlers.go:112.16,116.3 2 0
github.com\Microsoft\DUCK\backend\ducklib\handlers.go:124.45,126.16 2 1
github.com\Microsoft\DUCK\backend\ducklib\handlers.go:133.2,133.58 1 1
github.com\Microsoft\DUCK\backend\ducklib\handlers.go:126.16,131.3 3 1
github.com\Microsoft\DUCK\backend\ducklib\handlers.go:142.42,153.36 2 1
github.com\Microsoft\DUCK\backend\ducklib\handlers.go:158.2,160.16 3 1
github.com\Microsoft\DUCK\backend\ducklib\handlers.go:168.2,170.16 3 1
github.com\Microsoft\DUCK\backend\ducklib\handlers.go:175.2,175.36 1 1
github.com\Microsoft\DUCK\backend\ducklib\handlers.go:153.36,157.3 3 0
github.com\Microsoft\DUCK\backend\ducklib\handlers.go:160.16,163.39 3 0
github.com\Microsoft\DUCK\backend\ducklib\handlers.go:166.3,166.78 1 0
github.com\Microsoft\DUCK\backend\ducklib\handlers.go:163.39,165.4 1 0
github.com\Microsoft\DUCK\backend\ducklib\handlers.go:170.16,174.3 3 0
github.com\Microsoft\DUCK\backend\ducklib\handlers.go:184.43,187.36 2 1
github.com\Microsoft\DUCK\backend\ducklib\handlers.go:194.2,195.16 2 1
github.com\Microsoft\DUCK\backend\ducklib\handlers.go:201.2,202.16 2 1
github.com\Microsoft\DUCK\backend\ducklib\handlers.go:209.2,209.41 1 1
github.com\Microsoft\DUCK\backend\ducklib\handlers.go:187.36,192.3 3 0
github.com\Microsoft\DUCK\backend\ducklib\handlers.go:195.16,200.3 3 1
github.com\Microsoft\DUCK\backend\ducklib\handlers.go:202.16,207.3 3 0
github.com\Microsoft\DUCK\backend\ducklib\handlers.go:221.46,223.16 2 1
github.com\Microsoft\DUCK\backend\ducklib\handlers.go:230.2,230.58 1 1
github.com\Microsoft\DUCK\backend\ducklib\handlers.go:223.16,228.3 3 1
github.com\Microsoft\DUCK\backend\ducklib\handlers.go:239.43,242.34 2 1
github.com\Microsoft\DUCK\backend\ducklib\handlers.go:249.2,250.16 2 1
github.com\Microsoft\DUCK\backend\ducklib\handlers.go:257.2,258.16 2 1
github.com\Microsoft\DUCK\backend\ducklib\handlers.go:265.2,265.34 1 1
github.com\Microsoft\DUCK\backend\ducklib\handlers.go:242.34,247.3 3 0
github.com\Microsoft\DUCK\backend\ducklib\handlers.go:250.16,255.3 3 0
github.com\Microsoft\DUCK\backend\ducklib\handlers.go:258.16,263.3 3 0
github.com\Microsoft\DUCK\backend\ducklib\handlers.go:274.44,277.40 2 1
github.com\Microsoft\DUCK\backend\ducklib\handlers.go:288.2,288.28 1 1
github.com\Microsoft\DUCK\backend\ducklib\handlers.go:294.2,297.16 3 1
github.com\Microsoft\DUCK\backend\ducklib\handlers.go:307.2,310.16 3 1
github.com\Microsoft\DUCK\backend\ducklib\handlers.go:320.2,321.16 2 1
github.com\Microsoft\DUCK\backend\ducklib\handlers.go:333.2,334.38 2 1
github.com\Microsoft\DUCK\backend\ducklib\handlers.go:277.40,280.26 3 0
github.com\Microsoft\DUCK\backend\ducklib\handlers.go:281.3,282.68 1 0
github.com\Microsoft\DUCK\backend\ducklib\handlers.go:283.3,284.90 1 0
github.com\Microsoft\DUCK\backend\ducklib\handlers.go:288.28,291.3 2 1
github.com\Microsoft\DUCK\backend\ducklib\handlers.go:297.16,300.26 3 0
github.com\Microsoft\DUCK\backend\ducklib\handlers.go:301.3,302.68 1 0
github.com\Microsoft\DUCK\backend\ducklib\handlers.go:303.3,304.90 1 0
github.com\Microsoft\DUCK\backend\ducklib\handlers.go:310.16,313.26 3 1
github.com\Microsoft\DUCK\backend\ducklib\handlers.go:314.3,315.68 1 1
github.com\Microsoft\DUCK\backend\ducklib\handlers.go:316.3,317.90 1 0
github.com\Microsoft\DUCK\backend\ducklib\handlers.go:321.16,325.26 3 0
github.com\Microsoft\DUCK\backend\ducklib\handlers.go:326.3,327.68 1 0
github.com\Microsoft\DUCK\backend\ducklib\handlers.go:328.3,329.90 1 0
github.com\Microsoft\DUCK\backend\ducklib\handlers.go:342.47,344.16 2 0
github.com\Microsoft\DUCK\backend\ducklib\handlers.go:354.2,354.17 1 0
github.com\Microsoft\DUCK\backend\ducklib\handlers.go:358.2,358.36 1 0
github.com\Microsoft\DUCK\backend\ducklib\handlers.go:344.16,347.26 3 0
github.com\Microsoft\DUCK\backend\ducklib\handlers.go:348.3,349.68 1 0
github.com\Microsoft\DUCK\backend\ducklib\handlers.go:350.3,351.79 1 0
github.com\Microsoft\DUCK\backend\ducklib\handlers.go:354.17,356.3 1 0
github.com\Microsoft\DUCK\backend\ducklib\handlers.go:367.47,369.16 2 0
github.com\Microsoft\DUCK\backend\ducklib\handlers.go:380.2,380.46 1 0
github.com\Microsoft\DUCK\backend\ducklib\handlers.go:383.2,385.77 2 0
github.com\Microsoft\DUCK\backend\ducklib\handlers.go:369.16,372.26 3 0
github.com\Microsoft\DUCK\backend\ducklib\handlers.go:373.3,374.68 1 0
github.com\Microsoft\DUCK\backend\ducklib\handlers.go:375.3,376.79 1 0
github.com\Microsoft\DUCK\backend\ducklib\handlers.go:380.46,382.3 1 0
github.com\Microsoft\DUCK\backend\ducklib\handlers.go:395.50,398.16 3 0
github.com\Microsoft\DUCK\backend\ducklib\handlers.go:409.2,412.16 3 0
github.com\Microsoft\DUCK\backend\ducklib\handlers.go:423.2,423.58 1 0
github.com\Microsoft\DUCK\backend\ducklib\handlers.go:398.16,401.26 3 0
github.com\Microsoft\DUCK\backend\ducklib\handlers.go:402.3,403.68 1 0
github.com\Microsoft\DUCK\backend\ducklib\handlers.go:404.3,405.79 1 0
github.com\Microsoft\DUCK\backend\ducklib\handlers.go:412.16,415.26 3 0
github.com\Microsoft\DUCK\backend\ducklib\handlers.go:416.3,417.68 1 0
github.com\Microsoft\DUCK\backend\ducklib\handlers.go:418.3,419.79 1 0
github.com\Microsoft\DUCK\backend\ducklib\handlers.go:435.47,437.34 2 0
github.com\Microsoft\DUCK\backend\ducklib\handlers.go:448.2,452.16 4 0
github.com\Microsoft\DUCK\backend\ducklib\handlers.go:462.2,462.17 1 0
github.com\Microsoft\DUCK\backend\ducklib\handlers.go:465.2,468.16 3 0
github.com\Microsoft\DUCK\backend\ducklib\handlers.go:479.2,479.36 1 0
github.com\Microsoft\DUCK\backend\ducklib\handlers.go:437.34,440.26 3 0
github.com\Microsoft\DUCK\backend\ducklib\handlers.go:441.3,442.68 1 0
github.com\Microsoft\DUCK\backend\ducklib\handlers.go:443.3,444.79 1 0
github.com\Microsoft\DUCK\backend\ducklib\handlers.go:452.16,455.26 3 0
github.com\Microsoft\DUCK\backend\ducklib\handlers.go:456.3,457.68 1 0
github.com\Microsoft\DUCK\backend\ducklib\handlers.go:458.3,459.79 1 0
github.com\Microsoft\DUCK\backend\ducklib\handlers.go:462.17,464.3 1 0
github.com\Microsoft\DUCK\backend\ducklib\handlers.go:468.16,471.26 3 0
github.com\Microsoft\DUCK\backend\ducklib\handlers.go:472.3,473.68 1 0
github.com\Microsoft\DUCK\backend\ducklib\handlers.go:474.3,475.79 1 0
github.com\Microsoft\DUCK\backend\ducklib\handlers.go:488.47,491.34 2 0
github.com\Microsoft\DUCK\backend\ducklib\handlers.go:501.2,504.16 3 0
github.com\Microsoft\DUCK\backend\ducklib\handlers.go:515.2,516.16 2 0
github.com\Microsoft\DUCK\backend\ducklib\handlers.go:527.2,527.34 1 0
github.com\Microsoft\DUCK\backend\ducklib\handlers.go:491.34,494.26 3 0
github.com\Microsoft\DUCK\backend\ducklib\handlers.go:495.3,496.68 1 0
github.com\Microsoft\DUCK\backend\ducklib\handlers.go:497.3,498.79 1 0
github.com\Microsoft\DUCK\backend\ducklib\handlers.go:504.16,507.26 3 0
github.com\Microsoft\DUCK\backend\ducklib\handlers.go:508.3,509.68 1 0
github.com\Microsoft\DUCK\backend\ducklib\handlers.go:510.3,511.79 1 0
github.com\Microsoft\DUCK\backend\ducklib\handlers.go:516.16,519.26 3 0
github.com\Microsoft\DUCK\backend\ducklib\handlers.go:520.3,521.68 1 0
github.com\Microsoft\DUCK\backend\ducklib\handlers.go:522.3,523.79 1 0
github.com\Microsoft\DUCK\backend\ducklib\handlers.go:539.44,551.36 3 0
github.com\Microsoft\DUCK\backend\ducklib\handlers.go:561.2,562.16 2 0
github.com\Microsoft\DUCK\backend\ducklib\handlers.go:572.2,573.16 2 0
github.com\Microsoft\DUCK\backend\ducklib\handlers.go:583.2,584.16 2 0
github.com\Microsoft\DUCK\backend\ducklib\handlers.go:594.2,594.8 1 0
github.com\Microsoft\DUCK\backend\ducklib\handlers.go:597.2,597.94 1 0
github.com\Microsoft\DUCK\backend\ducklib\handlers.go:551.36,554.26 3 0
github.com\Microsoft\DUCK\backend\ducklib\handlers.go:555.3,556.68 1 0
github.com\Microsoft\DUCK\backend\ducklib\handlers.go:557.3,558.79 1 0
github.com\Microsoft\DUCK\backend\ducklib\handlers.go:562.16,565.26 3 0
github.com\Microsoft\DUCK\backend\ducklib\handlers.go:566.3,567.68 1 0
github.com\Microsoft\DUCK\backend\ducklib\handlers.go:568.3,569.79 1 0
github.com\Microsoft\DUCK\backend\ducklib\handlers.go:573.16,576.26 3 0
github.com\Microsoft\DUCK\backend\ducklib\handlers.go:577.3,578.68 1 0
github.com\Microsoft\DUCK\backend\ducklib\handlers.go:579.3,580.79 1 0
github.com\Microsoft\DUCK\backend\ducklib\handlers.go:584.16,587.26 3 0
github.com\Microsoft\DUCK\backend\ducklib\handlers.go:588.3,589.68 1 0
github.com\Microsoft\DUCK\backend\ducklib\handlers.go:590.3,591.79 1 0
github.com\Microsoft\DUCK\backend\ducklib\handlers.go:594.8,596.3 1 0
github.com\Microsoft\DUCK\backend\ducklib\handlers.go:605.46,611.16 4 0
github.com\Microsoft\DUCK\backend\ducklib\handlers.go:621.2,622.16 2 0
github.com\Microsoft\DUCK\backend\ducklib\handlers.go:632.2,633.16 2 0
github.com\Microsoft\DUCK\backend\ducklib\handlers.go:643.2,644.16 2 0
github.com\Microsoft\DUCK\backend\ducklib\handlers.go:654.2,654.8 1 0
github.com\Microsoft\DUCK\backend\ducklib\handlers.go:658.2,658.94 1 0
github.com\Microsoft\DUCK\backend\ducklib\handlers.go:611.16,614.26 3 0
github.com\Microsoft\DUCK\backend\ducklib\handlers.go:615.3,616.68 1 0
github.com\Microsoft\DUCK\backend\ducklib\handlers.go:617.3,618.79 1 0
github.com\Microsoft\DUCK\backend\ducklib\handlers.go:622.16,625.26 3 0
github.com\Microsoft\DUCK\backend\ducklib\handlers.go:626.3,627.68 1 0
github.com\Microsoft\DUCK\backend\ducklib\handlers.go:628.3,629.79 1 0
github.com\Microsoft\DUCK\backend\ducklib\handlers.go:633.16,636.26 3 0
github.com\Microsoft\DUCK\backend\ducklib\handlers.go:637.3,638.68 1 0
github.com\Microsoft\DUCK\backend\ducklib\handlers.go:639.3,640.79 1 0
github.com\Microsoft\DUCK\backend\ducklib\handlers.go:644.16,647.26 3 0
github.com\Microsoft\DUCK\backend\ducklib\handlers.go:648.3,649.68 1 0
github.com\Microsoft\DUCK\backend\ducklib\handlers.go:650.3,651.79 1 0
github.com\Microsoft\DUCK\backend\ducklib\handlers.go:654.8,656.3 1 0
github.com\Microsoft\DUCK\backend\ducklib\handlers.go:663.48,665.33 1 0
github.com\Microsoft\DUCK\backend\ducklib\handlers.go:668.2,668.49 1 0
github.com\Microsoft\DUCK\backend\ducklib\handlers.go:665.33,667.3 1 0
github.com\Microsoft\DUCK\backend\ducklib\handlers.go:672.41,682.34 2 1
github.com\Microsoft\DUCK\backend\ducklib\handlers.go:693.2,694.16 2 1
github.com\Microsoft\DUCK\backend\ducklib\handlers.go:707.2,709.16 3 1
github.com\Microsoft\DUCK\backend\ducklib\handlers.go:713.2,713.13 1 1
github.com\Microsoft\DUCK\backend\ducklib\handlers.go:757.2,760.86 3 1
github.com\Microsoft\DUCK\backend\ducklib\handlers.go:682.34,685.26 3 1
github.com\Microsoft\DUCK\backend\ducklib\handlers.go:686.3,687.68 1 0
github.com\Microsoft\DUCK\backend\ducklib\handlers.go:688.3,689.79 1 1
github.com\Microsoft\DUCK\backend\ducklib\handlers.go:694.16,698.26 4 1
github.com\Microsoft\DUCK\backend\ducklib\handlers.go:699.3,700.68 1 0
github.com\Microsoft\DUCK\backend\ducklib\handlers.go:701.3,702.83 1 1
github.com\Microsoft\DUCK\backend\ducklib\handlers.go:709.16,711.3 1 1
github.com\Microsoft\DUCK\backend\ducklib\handlers.go:713.13,716.17 2 1
github.com\Microsoft\DUCK\backend\ducklib\handlers.go:728.3,739.17 8 1
github.com\Microsoft\DUCK\backend\ducklib\handlers.go:749.3,755.5 1 1
github.com\Microsoft\DUCK\backend\ducklib\handlers.go:716.17,719.27 3 0
github.com\Microsoft\DUCK\backend\ducklib\handlers.go:720.4,721.69 1 0
github.com\Microsoft\DUCK\backend\ducklib\handlers.go:722.4,723.84 1 0
github.com\Microsoft\DUCK\backend\ducklib\handlers.go:739.17,742.27 3 0
github.com\Microsoft\DUCK\backend\ducklib\handlers.go:743.4,744.69 1 0
github.com\Microsoft\DUCK\backend\ducklib\handlers.go:745.4,746.84 1 0
github.com\Microsoft\DUCK\backend\ducklib\normalize.go:43.77,47.16 3 0
github.com\Microsoft\DUCK\backend\ducklib\normalize.go:61.2,68.16 6 0
github.com\Microsoft\DUCK\backend\ducklib\normalize.go:71.2,71.62 1 0
github.com\Microsoft\DUCK\backend\ducklib\normalize.go:74.2,74.19 1 0
github.com\Microsoft\DUCK\backend\ducklib\normalize.go:47.16,49.3 1 0
github.com\Microsoft\DUCK\backend\ducklib\normalize.go:68.16,70.3 1 0
github.com\Microsoft\DUCK\backend\ducklib\normalize.go:71.62,73.3 1 0
github.com\Microsoft\DUCK\backend\ducklib\normalize.go:78.64,88.50 3 0
github.com\Microsoft\DUCK\backend\ducklib\normalize.go:182.2,182.31 1 0
github.com\Microsoft\DUCK\backend\ducklib\normalize.go:185.2,185.32 1 0
github.com\Microsoft\DUCK\backend\ducklib\normalize.go:191.2,197.26 6 0
github.com\Microsoft\DUCK\backend\ducklib\normalize.go:88.50,90.80 1 0
github.com\Microsoft\DUCK\backend\ducklib\normalize.go:97.3,97.86 1 0
github.com\Microsoft\DUCK\backend\ducklib\normalize.go:104.3,104.95 1 0
github.com\Microsoft\DUCK\backend\ducklib\normalize.go:111.3,111.81 1 0
github.com\Microsoft\DUCK\backend\ducklib\normalize.go:118.3,118.84 1 0
github.com\Microsoft\DUCK\backend\ducklib\normalize.go:125.3,125.84 1 0
github.com\Microsoft\DUCK\backend\ducklib\normalize.go:133.3,133.105 1 0
github.com\Microsoft\DUCK\backend\ducklib\normalize.go:136.3,136.33 1 0
github.com\Microsoft\DUCK\backend\ducklib\normalize.go:140.3,140.39 1 0
github.com\Microsoft\DUCK\backend\ducklib\normalize.go:145.3,145.36 1 0
github.com\Microsoft\DUCK\backend\ducklib\normalize.go:151.3,151.35 1 0
github.com\Microsoft\DUCK\backend\ducklib\normalize.go:160.3,160.38 1 0
github.com\Microsoft\DUCK\backend\ducklib\normalize.go:169.3,169.38 1 0
github.com\Microsoft\DUCK\backend\ducklib\normalize.go:178.3,178.71 1 0
github.com\Microsoft\DUCK\backend\ducklib\normalize.go:90.80,91.42 1 0
github.com\Microsoft\DUCK\backend\ducklib\normalize.go:94.4,94.56 1 0
github.com\Microsoft\DUCK\backend\ducklib\normalize.go:91.42,93.5 1 0
github.com\Microsoft\DUCK\backend\ducklib\normalize.go:97.86,98.45 1 0
github.com\Microsoft\DUCK\backend\ducklib\normalize.go:101.4,101.59 1 0
github.com\Microsoft\DUCK\backend\ducklib\normalize.go:98.45,100.5 1 0
github.com\Microsoft\DUCK\backend\ducklib\normalize.go:104.95,105.48 1 0
github.com\Microsoft\DUCK\backend\ducklib\normalize.go:108.4,108.62 1 0
github.com\Microsoft\DUCK\backend\ducklib\normalize.go:105.48,107.5 1 0
github.com\Microsoft\DUCK\backend\ducklib\normalize.go:111.81,112.44 1 0
github.com\Microsoft\DUCK\backend\ducklib\normalize.go:115.4,115.58 1 0
github.com\Microsoft\DUCK\backend\ducklib\normalize.go:112.44,114.5 1 0
github.com\Microsoft\DUCK\backend\ducklib\normalize.go:118.84,119.47 1 0
github.com\Microsoft\DUCK\backend\ducklib\normalize.go:122.4,122.61 1 0
github.com\Microsoft\DUCK\backend\ducklib\normalize.go:119.47,121.5 1 0
github.com\Microsoft\DUCK\backend\ducklib\normalize.go:125.84,126.47 1 0
github.com\Microsoft\DUCK\backend\ducklib\normalize.go:129.4,129.61 1 0
github.com\Microsoft\DUCK\backend\ducklib\normalize.go:126.47,128.5 1 0
github.com\Microsoft\DUCK\backend\ducklib\normalize.go:133.105,135.4 1 0
github.com\Microsoft\DUCK\backend\ducklib\normalize.go:136.33,138.4 1 0
github.com\Microsoft\DUCK\backend\ducklib\normalize.go:140.39,142.4 1 0
github.com\Microsoft\DUCK\backend\ducklib\normalize.go:145.36,147.4 1 0
github.com\Microsoft\DUCK\backend\ducklib\normalize.go:151.35,152.39 1 0
github.com\Microsoft\DUCK\backend\ducklib\normalize.go:155.4,155.39 1 0
github.com\Microsoft\DUCK\backend\ducklib\normalize.go:152.39,154.5 1 0
github.com\Microsoft\DUCK\backend\ducklib\normalize.go:155.39,157.5 1 0
github.com\Microsoft\DUCK\backend\ducklib\normalize.go:160.38,161.36 1 0
github.com\Microsoft\DUCK\backend\ducklib\normalize.go:165.4,165.39 1 0
github.com\Microsoft\DUCK\backend\ducklib\normalize.go:161.36,164.5 1 0
github.com\Microsoft\DUCK\backend\ducklib\normalize.go:165.39,167.5 1 0
github.com\Microsoft\DUCK\backend\ducklib\normalize.go:169.38,170.36 1 0
github.com\Microsoft\DUCK\backend\ducklib\normalize.go:173.4,173.39 1 0
github.com\Microsoft\DUCK\backend\ducklib\normalize.go:170.36,172.5 1 0
github.com\Microsoft\DUCK\backend\ducklib\normalize.go:173.39,175.5 1 0
github.com\Microsoft\DUCK\backend\ducklib\normalize.go:182.31,184.3 1 0
github.com\Microsoft\DUCK\backend\ducklib\normalize.go:185.32,186.27 1 0
github.com\Microsoft\DUCK\backend\ducklib\normalize.go:186.27,188.4 1 0
github.com\Microsoft\DUCK\backend\ducklib\normalize.go:204.63,207.30 1 0
github.com\Microsoft\DUCK\backend\ducklib\normalize.go:211.2,214.20 3 0
github.com\Microsoft\DUCK\backend\ducklib\normalize.go:218.2,218.10 1 0
github.com\Microsoft\DUCK\backend\ducklib\normalize.go:232.2,232.10 1 0
github.com\Microsoft\DUCK\backend\ducklib\normalize.go:245.2,245.11 1 0
github.com\Microsoft\DUCK\backend\ducklib\normalize.go:207.30,209.3 1 0
github.com\Microsoft\DUCK\backend\ducklib\normalize.go:214.20,216.3 1 0
github.com\Microsoft\DUCK\backend\ducklib\normalize.go:218.10,220.11 2 0
github.com\Microsoft\DUCK\backend\ducklib\normalize.go:224.3,224.27 1 0
github.com\Microsoft\DUCK\backend\ducklib\normalize.go:220.11,222.4 1 0
github.com\Microsoft\DUCK\backend\ducklib\normalize.go:224.27,225.38 1 0
github.com\Microsoft\DUCK\backend\ducklib\normalize.go:225.38,227.5 1 0
github.com\Microsoft\DUCK\backend\ducklib\normalize.go:232.10,234.11 2 0
github.com\Microsoft\DUCK\backend\ducklib\normalize.go:238.3,238.27 1 0
github.com\Microsoft\DUCK\backend\ducklib\normalize.go:234.11,236.4 1 0
github.com\Microsoft\DUCK\backend\ducklib\normalize.go:238.27,239.38 1 0
github.com\Microsoft\DUCK\backend\ducklib\normalize.go:239.38,241.5 1 0
github.com\Microsoft\DUCK\backend\ducklib\normalize.go:250.54,253.2 1 0
github.com\Microsoft\DUCK\backend\ducklib\server.go:23.70,28.16 3 1
github.com\Microsoft\DUCK\backend\ducklib\server.go:32.2,32.23 1 1
github.com\Microsoft\DUCK\backend\ducklib\server.go:40.2,42.25 3 1
github.com\Microsoft\DUCK\backend\ducklib\server.go:45.2,46.16 2 1
github.com\Microsoft\DUCK\backend\ducklib\server.go:49.2,50.16 2 1
github.com\Microsoft\DUCK\backend\ducklib\server.go:55.2,106.25 31 1
github.com\Microsoft\DUCK\backend\ducklib\server.go:109.2,111.10 2 1
github.com\Microsoft\DUCK\backend\ducklib\server.go:28.16,29.13 1 0
github.com\Microsoft\DUCK\backend\ducklib\server.go:32.23,35.48 2 0
github.com\Microsoft\DUCK\backend\ducklib\server.go:35.48,37.4 1 0
github.com\Microsoft\DUCK\backend\ducklib\server.go:42.25,44.3 1 1
github.com\Microsoft\DUCK\backend\ducklib\server.go:46.16,47.13 1 0
github.com\Microsoft\DUCK\backend\ducklib\server.go:50.16,51.13 1 0
github.com\Microsoft\DUCK\backend\ducklib\server.go:106.25,108.3 1 1
github.com\Microsoft\DUCK\backend\ducklib\compliance-plugin.go:32.88,38.14 2 1
github.com\Microsoft\DUCK\backend\ducklib\compliance-plugin.go:41.2,41.16 1 1
github.com\Microsoft\DUCK\backend\ducklib\compliance-plugin.go:44.2,44.114 1 1
github.com\Microsoft\DUCK\backend\ducklib\compliance-plugin.go:38.14,40.3 1 0
github.com\Microsoft\DUCK\backend\ducklib\compliance-plugin.go:41.16,43.3 1 0
github.com\Microsoft\DUCK\backend\ducklib\compliance-plugin.go:54.53,56.16 2 1
github.com\Microsoft\DUCK\backend\ducklib\compliance-plugin.go:60.2,60.29 1 1
github.com\Microsoft\DUCK\backend\ducklib\compliance-plugin.go:101.2,101.12 1 1
github.com\Microsoft\DUCK\backend\ducklib\compliance-plugin.go:56.16,58.3 1 0
github.com\Microsoft\DUCK\backend\ducklib\compliance-plugin.go:60.29,61.20 1 1
github.com\Microsoft\DUCK\backend\ducklib\compliance-plugin.go:61.20,64.18 3 1
github.com\Microsoft\DUCK\backend\ducklib\compliance-plugin.go:69.4,75.18 4 1
github.com\Microsoft\DUCK\backend\ducklib\compliance-plugin.go:79.4,80.18 2 1
github.com\Microsoft\DUCK\backend\ducklib\compliance-plugin.go:83.4,88.18 4 1
github.com\Microsoft\DUCK\backend\ducklib\compliance-plugin.go:91.4,92.18 2 1
github.com\Microsoft\DUCK\backend\ducklib\compliance-plugin.go:96.4,96.31 1 1
github.com\Microsoft\DUCK\backend\ducklib\compliance-plugin.go:64.18,66.5 1 0
github.com\Microsoft\DUCK\backend\ducklib\compliance-plugin.go:75.18,77.5 1 0
github.com\Microsoft\DUCK\backend\ducklib\compliance-plugin.go:80.18,82.5 1 0
github.com\Microsoft\DUCK\backend\ducklib\compliance-plugin.go:88.18,90.5 1 0
github.com\Microsoft\DUCK\backend\ducklib\compliance-plugin.go:92.18,94.5 1 0
github.com\Microsoft\DUCK\backend\ducklib\compliance-plugin.go:105.45,107.2 0 0
github.com\Microsoft\DUCK\backend\ducklib\compliance-plugin.go:111.79,114.16 3 0
github.com\Microsoft\DUCK\backend\ducklib\compliance-plugin.go:118.2,118.11 1 0
github.com\Microsoft\DUCK\backend\ducklib\compliance-plugin.go:114.16,117.3 2 0
github.com\Microsoft\DUCK\backend\ducklib\compliance-plugin.go:123.110,126.16 3 0
github.com\Microsoft\DUCK\backend\ducklib\compliance-plugin.go:129.2,129.48 1 0
github.com\Microsoft\DUCK\backend\ducklib\compliance-plugin.go:126.16,128.3 1 0
github.com\Microsoft\DUCK\backend\ducklib\compliance-plugin.go:140.168,145.16 4 0
github.com\Microsoft\DUCK\backend\ducklib\compliance-plugin.go:149.2,151.16 3 0
github.com\Microsoft\DUCK\backend\ducklib\compliance-plugin.go:154.2,155.15 2 0
github.com\Microsoft\DUCK\backend\ducklib\compliance-plugin.go:159.2,159.16 1 0
github.com\Microsoft\DUCK\backend\ducklib\compliance-plugin.go:168.2,169.34 2 0
github.com\Microsoft\DUCK\backend\ducklib\compliance-plugin.go:180.2,182.25 3 0
github.com\Microsoft\DUCK\backend\ducklib\compliance-plugin.go:145.16,147.3 1 0
github.com\Microsoft\DUCK\backend\ducklib\compliance-plugin.go:151.16,153.3 1 0
github.com\Microsoft\DUCK\backend\ducklib\compliance-plugin.go:155.15,157.3 1 0
github.com\Microsoft\DUCK\backend\ducklib\compliance-plugin.go:159.16,160.31 1 0
github.com\Microsoft\DUCK\backend\ducklib\compliance-plugin.go:160.31,162.11 2 0
github.com\Microsoft\DUCK\backend\ducklib\compliance-plugin.go:162.11,165.5 1 0
github.com\Microsoft\DUCK\backend\ducklib\compliance-plugin.go:169.34,171.10 2 0
github.com\Microsoft\DUCK\backend\ducklib\compliance-plugin.go:176.3,177.28 2 0
github.com\Microsoft\DUCK\backend\ducklib\compliance-plugin.go:171.10,175.4 2 0
